<?xml version="1.0" encoding="UTF-8"?>
<!-- Generated by org.testng.reporters.JUnitReportReporter -->
<testsuite skipped="0" hostname="mehers-MacBook-Air.local" name="Test.ExtentReportTestNg" tests="1" failures="0" timestamp="25 Dec 2018 17:53:57 GMT" time="0.034" errors="0">
  <testcase name="test1" time="0.034" classname="Test.ExtentReportTestNg"/>
</testsuite> <!-- Test.ExtentReportTestNg -->
